ERROR - 2014-08-31T10:31:18+08:00 - exception 'Twig_Error_Loader' with message 'The "./templates" directory does not exist.' in /Users/chito/Sites/slimerp/vendor/twig/twig/lib/Twig/Loader/Filesystem.php:93
Stack trace:
#0 /Users/chito/Sites/slimerp/vendor/twig/twig/lib/Twig/Loader/Filesystem.php(75): Twig_Loader_Filesystem->addPath('./templates', '__main__')
#1 /Users/chito/Sites/slimerp/vendor/twig/twig/lib/Twig/Loader/Filesystem.php(33): Twig_Loader_Filesystem->setPaths(Array)
#2 /Users/chito/Sites/slimerp/vendor/slim/views/Slim/Views/Twig.php(121): Twig_Loader_Filesystem->__construct(Array)
#3 /Users/chito/Sites/slimerp/vendor/slim/views/Slim/Views/Twig.php(86): Slim\Views\Twig->getInstance()
#4 /Users/chito/Sites/slimerp/vendor/slim/slim/Slim/View.php(255): Slim\Views\Twig->render('home.php', NULL)
#5 /Users/chito/Sites/slimerp/vendor/slim/slim/Slim/View.php(243): Slim\View->fetch('home.php', NULL)
#6 /Users/chito/Sites/slimerp/vendor/slim/slim/Slim/Slim.php(757): Slim\View->display('home.php')
#7 /Users/chito/Sites/slimerp/public/index.php(28): Slim\Slim->render('home.php')
#8 [internal function]: {closure}('sample', 'sample', 'sample')
#9 /Users/chito/Sites/slimerp/vendor/slim/slim/Slim/Route.php(462): call_user_func_array(Object(Closure), Array)
#10 /Users/chito/Sites/slimerp/vendor/slim/slim/Slim/Slim.php(1326): Slim\Route->dispatch()
#11 /Users/chito/Sites/slimerp/vendor/slim/slim/Slim/Middleware/Flash.php(85): Slim\Slim->call()
#12 /Users/chito/Sites/slimerp/vendor/slim/slim/Slim/Middleware/MethodOverride.php(92): Slim\Middleware\Flash->call()
#13 /Users/chito/Sites/slimerp/vendor/slim/slim/Slim/Middleware/PrettyExceptions.php(67): Slim\Middleware\MethodOverride->call()
#14 /Users/chito/Sites/slimerp/vendor/slim/slim/Slim/Slim.php(1271): Slim\Middleware\PrettyExceptions->call()
#15 /Users/chito/Sites/slimerp/public/index.php(34): Slim\Slim->run()
#16 {main}
ERROR - 2014-08-31T10:43:56+08:00 - exception 'Twig_Error_Syntax' with message 'A template that extends another one cannot have a body in "home.html" at line 2.' in /Users/chito/Sites/slimerp/vendor/twig/twig/lib/Twig/Parser.php:370
Stack trace:
#0 /Users/chito/Sites/slimerp/vendor/twig/twig/lib/Twig/Parser.php(383): Twig_Parser->filterBodyNodes(Object(Twig_Node_Text))
#1 /Users/chito/Sites/slimerp/vendor/twig/twig/lib/Twig/Parser.php(98): Twig_Parser->filterBodyNodes(Object(Twig_Node))
#2 /Users/chito/Sites/slimerp/vendor/twig/twig/lib/Twig/Environment.php(507): Twig_Parser->parse(Object(Twig_TokenStream))
#3 /Users/chito/Sites/slimerp/vendor/twig/twig/lib/Twig/Environment.php(559): Twig_Environment->parse(Object(Twig_TokenStream))
#4 /Users/chito/Sites/slimerp/vendor/twig/twig/lib/Twig/Environment.php(331): Twig_Environment->compileSource('{% extends "hom...', 'home.html')
#5 /Users/chito/Sites/slimerp/vendor/slim/views/Slim/Views/Twig.php(87): Twig_Environment->loadTemplate('home.html')
#6 /Users/chito/Sites/slimerp/vendor/slim/slim/Slim/View.php(255): Slim\Views\Twig->render('home.html', NULL)
#7 /Users/chito/Sites/slimerp/vendor/slim/slim/Slim/View.php(243): Slim\View->fetch('home.html', NULL)
#8 /Users/chito/Sites/slimerp/vendor/slim/slim/Slim/Slim.php(757): Slim\View->display('home.html')
#9 /Users/chito/Sites/slimerp/public/index.php(30): Slim\Slim->render('home.html', Array)
#10 [internal function]: {closure}('sample', 'sample', 'sample')
#11 /Users/chito/Sites/slimerp/vendor/slim/slim/Slim/Route.php(462): call_user_func_array(Object(Closure), Array)
#12 /Users/chito/Sites/slimerp/vendor/slim/slim/Slim/Slim.php(1326): Slim\Route->dispatch()
#13 /Users/chito/Sites/slimerp/vendor/slim/slim/Slim/Middleware/Flash.php(85): Slim\Slim->call()
#14 /Users/chito/Sites/slimerp/vendor/slim/slim/Slim/Middleware/MethodOverride.php(92): Slim\Middleware\Flash->call()
#15 /Users/chito/Sites/slimerp/vendor/slim/slim/Slim/Middleware/PrettyExceptions.php(67): Slim\Middleware\MethodOverride->call()
#16 /Users/chito/Sites/slimerp/vendor/slim/slim/Slim/Slim.php(1271): Slim\Middleware\PrettyExceptions->call()
#17 /Users/chito/Sites/slimerp/public/index.php(36): Slim\Slim->run()
#18 {main}
ERROR - 2014-08-31T10:44:33+08:00 - exception 'Twig_Error_Syntax' with message 'A template that extends another one cannot have a body in "home.html" at line 2.' in /Users/chito/Sites/slimerp/vendor/twig/twig/lib/Twig/Parser.php:370
Stack trace:
#0 /Users/chito/Sites/slimerp/vendor/twig/twig/lib/Twig/Parser.php(383): Twig_Parser->filterBodyNodes(Object(Twig_Node_Text))
#1 /Users/chito/Sites/slimerp/vendor/twig/twig/lib/Twig/Parser.php(98): Twig_Parser->filterBodyNodes(Object(Twig_Node))
#2 /Users/chito/Sites/slimerp/vendor/twig/twig/lib/Twig/Environment.php(507): Twig_Parser->parse(Object(Twig_TokenStream))
#3 /Users/chito/Sites/slimerp/vendor/twig/twig/lib/Twig/Environment.php(559): Twig_Environment->parse(Object(Twig_TokenStream))
#4 /Users/chito/Sites/slimerp/vendor/twig/twig/lib/Twig/Environment.php(331): Twig_Environment->compileSource('{% extends "lay...', 'home.html')
#5 /Users/chito/Sites/slimerp/vendor/slim/views/Slim/Views/Twig.php(87): Twig_Environment->loadTemplate('home.html')
#6 /Users/chito/Sites/slimerp/vendor/slim/slim/Slim/View.php(255): Slim\Views\Twig->render('home.html', NULL)
#7 /Users/chito/Sites/slimerp/vendor/slim/slim/Slim/View.php(243): Slim\View->fetch('home.html', NULL)
#8 /Users/chito/Sites/slimerp/vendor/slim/slim/Slim/Slim.php(757): Slim\View->display('home.html')
#9 /Users/chito/Sites/slimerp/public/index.php(30): Slim\Slim->render('home.html', Array)
#10 [internal function]: {closure}('sample', 'sample', 'sample')
#11 /Users/chito/Sites/slimerp/vendor/slim/slim/Slim/Route.php(462): call_user_func_array(Object(Closure), Array)
#12 /Users/chito/Sites/slimerp/vendor/slim/slim/Slim/Slim.php(1326): Slim\Route->dispatch()
#13 /Users/chito/Sites/slimerp/vendor/slim/slim/Slim/Middleware/Flash.php(85): Slim\Slim->call()
#14 /Users/chito/Sites/slimerp/vendor/slim/slim/Slim/Middleware/MethodOverride.php(92): Slim\Middleware\Flash->call()
#15 /Users/chito/Sites/slimerp/vendor/slim/slim/Slim/Middleware/PrettyExceptions.php(67): Slim\Middleware\MethodOverride->call()
#16 /Users/chito/Sites/slimerp/vendor/slim/slim/Slim/Slim.php(1271): Slim\Middleware\PrettyExceptions->call()
#17 /Users/chito/Sites/slimerp/public/index.php(36): Slim\Slim->run()
#18 {main}
ERROR - 2014-08-31T10:46:01+08:00 - exception 'Twig_Error_Syntax' with message 'A template that extends another one cannot have a body in "home.html" at line 2.' in /Users/chito/Sites/slimerp/vendor/twig/twig/lib/Twig/Parser.php:370
Stack trace:
#0 /Users/chito/Sites/slimerp/vendor/twig/twig/lib/Twig/Parser.php(383): Twig_Parser->filterBodyNodes(Object(Twig_Node_Text))
#1 /Users/chito/Sites/slimerp/vendor/twig/twig/lib/Twig/Parser.php(98): Twig_Parser->filterBodyNodes(Object(Twig_Node))
#2 /Users/chito/Sites/slimerp/vendor/twig/twig/lib/Twig/Environment.php(507): Twig_Parser->parse(Object(Twig_TokenStream))
#3 /Users/chito/Sites/slimerp/vendor/twig/twig/lib/Twig/Environment.php(559): Twig_Environment->parse(Object(Twig_TokenStream))
#4 /Users/chito/Sites/slimerp/vendor/twig/twig/lib/Twig/Environment.php(331): Twig_Environment->compileSource('{% extends "lay...', 'home.html')
#5 /Users/chito/Sites/slimerp/vendor/slim/views/Slim/Views/Twig.php(87): Twig_Environment->loadTemplate('home.html')
#6 /Users/chito/Sites/slimerp/vendor/slim/slim/Slim/View.php(255): Slim\Views\Twig->render('home.html', NULL)
#7 /Users/chito/Sites/slimerp/vendor/slim/slim/Slim/View.php(243): Slim\View->fetch('home.html', NULL)
#8 /Users/chito/Sites/slimerp/vendor/slim/slim/Slim/Slim.php(757): Slim\View->display('home.html')
#9 /Users/chito/Sites/slimerp/public/index.php(30): Slim\Slim->render('home.html', Array)
#10 [internal function]: {closure}('sample', 'sample', 'sample')
#11 /Users/chito/Sites/slimerp/vendor/slim/slim/Slim/Route.php(462): call_user_func_array(Object(Closure), Array)
#12 /Users/chito/Sites/slimerp/vendor/slim/slim/Slim/Slim.php(1326): Slim\Route->dispatch()
#13 /Users/chito/Sites/slimerp/vendor/slim/slim/Slim/Middleware/Flash.php(85): Slim\Slim->call()
#14 /Users/chito/Sites/slimerp/vendor/slim/slim/Slim/Middleware/MethodOverride.php(92): Slim\Middleware\Flash->call()
#15 /Users/chito/Sites/slimerp/vendor/slim/slim/Slim/Middleware/PrettyExceptions.php(67): Slim\Middleware\MethodOverride->call()
#16 /Users/chito/Sites/slimerp/vendor/slim/slim/Slim/Slim.php(1271): Slim\Middleware\PrettyExceptions->call()
#17 /Users/chito/Sites/slimerp/public/index.php(36): Slim\Slim->run()
#18 {main}
